# JRE version: Java(TM) SE Runtime Environment 18.9 (11.0.16.1+1) (build 11.0.16.1+1-LTS-1)
# Java VM: Java HotSpot(TM) 64-Bit Server VM 18.9 (11.0.16.1+1-LTS-1, mixed mode, tiered, compressed oops, g1 gc, windows-amd64)
Heap:
 garbage-first heap   total 260096K, used 31821K [0x0000000080000000, 0x0000000100000000)
  region size 1024K, 18 young (18432K), 4 survivors (4096K)
 Metaspace       used 21937K, capacity 22401K, committed 22576K, reserved 536576K
  class space    used 2722K, capacity 2889K, committed 2944K, reserved 516096K
GC Heap History (8 events):
Event: 1.436 GC heap before
{Heap before GC invocations=0 (full 0):
 garbage-first heap   total 260096K, used 13312K [0x0000000080000000, 0x0000000100000000)
  region size 1024K, 14 young (14336K), 0 survivors (0K)
 Metaspace       used 6660K, capacity 6856K, committed 7168K, reserved 524288K
  class space    used 576K, capacity 650K, committed 768K, reserved 516096K
}
Event: 1.448 GC heap after
{Heap after GC invocations=1 (full 0):
 garbage-first heap   total 260096K, used 4158K [0x0000000080000000, 0x0000000100000000)
  region size 1024K, 2 young (2048K), 2 survivors (2048K)
 Metaspace       used 6660K, capacity 6856K, committed 7168K, reserved 524288K
  class space    used 576K, capacity 650K, committed 768K, reserved 516096K
}
Event: 3.898 GC heap before
{Heap before GC invocations=1 (full 0):
 garbage-first heap   total 260096K, used 54334K [0x0000000080000000, 0x0000000100000000)
  region size 1024K, 46 young (47104K), 2 survivors (2048K)
 Metaspace       used 11149K, capacity 11433K, committed 11520K, reserved 526336K
  class space    used 1152K, capacity 1242K, committed 1280K, reserved 516096K
}
Event: 3.905 GC heap after
{Heap after GC invocations=2 (full 0):
 garbage-first heap   total 260096K, used 15078K [0x0000000080000000, 0x0000000100000000)
  region size 1024K, 6 young (6144K), 6 survivors (6144K)
 Metaspace       used 11149K, capacity 11433K, committed 11520K, reserved 526336K
  class space    used 1152K, capacity 1242K, committed 1280K, reserved 516096K
}
Event: 7.311 GC heap before
{Heap before GC invocations=2 (full 0):
 garbage-first heap   total 260096K, used 53990K [0x0000000080000000, 0x0000000100000000)
  region size 1024K, 44 young (45056K), 6 survivors (6144K)
 Metaspace       used 18346K, capacity 18770K, committed 19072K, reserved 534528K
  class space    used 2161K, capacity 2310K, committed 2432K, reserved 516096K
}
Event: 7.320 GC heap after
{Heap after GC invocations=3 (full 0):
 garbage-first heap   total 260096K, used 17716K [0x0000000080000000, 0x0000000100000000)
  region size 1024K, 3 young (3072K), 3 survivors (3072K)
 Metaspace       used 18346K, capacity 18770K, committed 19072K, reserved 534528K
  class space    used 2161K, capacity 2310K, committed 2432K, reserved 516096K
}
Event: 7.883 GC heap before
{Heap before GC invocations=3 (full 0):
 garbage-first heap   total 260096K, used 36148K [0x0000000080000000, 0x0000000100000000)
  region size 1024K, 22 young (22528K), 3 survivors (3072K)
 Metaspace       used 20726K, capacity 21216K, committed 21296K, reserved 536576K
  class space    used 2515K, capacity 2687K, committed 2688K, reserved 516096K
}
Event: 7.889 GC heap after
{Heap after GC invocations=4 (full 0):
 garbage-first heap   total 260096K, used 18509K [0x0000000080000000, 0x0000000100000000)
  region size 1024K, 4 young (4096K), 4 survivors (4096K)
 Metaspace       used 20726K, capacity 21216K, committed 21296K, reserved 536576K
  class space    used 2515K, capacity 2687K, committed 2688K, reserved 516096K
}

