# JRE version: Java(TM) SE Runtime Environment 18.9 (11.0.16.1+1) (build 11.0.16.1+1-LTS-1)
# Java VM: Java HotSpot(TM) 64-Bit Server VM 18.9 (11.0.16.1+1-LTS-1, mixed mode, tiered, compressed oops, g1 gc, windows-amd64)
Heap:
 garbage-first heap   total 260096K, used 39870K [0x0000000080000000, 0x0000000100000000)
  region size 1024K, 23 young (23552K), 2 survivors (2048K)
 Metaspace       used 26407K, capacity 27108K, committed 27184K, reserved 540672K
  class space    used 3468K, capacity 3705K, committed 3712K, reserved 516096K
GC Heap History (6 events):
Event: 0.456 GC heap before
{Heap before GC invocations=0 (full 0):
 garbage-first heap   total 260096K, used 13312K [0x0000000080000000, 0x0000000100000000)
  region size 1024K, 14 young (14336K), 0 survivors (0K)
 Metaspace       used 6666K, capacity 6856K, committed 7168K, reserved 524288K
  class space    used 576K, capacity 650K, committed 768K, reserved 516096K
}
Event: 0.460 GC heap after
{Heap after GC invocations=1 (full 0):
 garbage-first heap   total 260096K, used 4189K [0x0000000080000000, 0x0000000100000000)
  region size 1024K, 2 young (2048K), 2 survivors (2048K)
 Metaspace       used 6666K, capacity 6856K, committed 7168K, reserved 524288K
  class space    used 576K, capacity 650K, committed 768K, reserved 516096K
}
Event: 3.130 GC heap before
{Heap before GC invocations=1 (full 0):
 garbage-first heap   total 260096K, used 111709K [0x0000000080000000, 0x0000000100000000)
  region size 1024K, 104 young (106496K), 2 survivors (2048K)
 Metaspace       used 20713K, capacity 21216K, committed 21296K, reserved 536576K
  class space    used 2513K, capacity 2687K, committed 2688K, reserved 516096K
}
Event: 3.140 GC heap after
{Heap after GC invocations=2 (full 0):
 garbage-first heap   total 260096K, used 17786K [0x0000000080000000, 0x0000000100000000)
  region size 1024K, 12 young (12288K), 12 survivors (12288K)
 Metaspace       used 20713K, capacity 21216K, committed 21296K, reserved 536576K
  class space    used 2513K, capacity 2687K, committed 2688K, reserved 516096K
}
Event: 3.634 GC heap before
{Heap before GC invocations=3 (full 0):
 garbage-first heap   total 260096K, used 57722K [0x0000000080000000, 0x0000000100000000)
  region size 1024K, 51 young (52224K), 12 survivors (12288K)
 Metaspace       used 24110K, capacity 24760K, committed 25008K, reserved 538624K
  class space    used 3087K, capacity 3318K, committed 3328K, reserved 516096K
}
Event: 3.643 GC heap after
{Heap after GC invocations=4 (full 0):
 garbage-first heap   total 260096K, used 19390K [0x0000000080000000, 0x0000000100000000)
  region size 1024K, 2 young (2048K), 2 survivors (2048K)
 Metaspace       used 24110K, capacity 24760K, committed 25008K, reserved 538624K
  class space    used 3087K, capacity 3318K, committed 3328K, reserved 516096K
}

